c:\users\ga2a\desktop\fami\famicon\famicon\x64\debug\vc143.pdb
c:\users\ga2a\desktop\fami\famicon\famicon\x64\debug\vc143.idb
c:\users\ga2a\desktop\fami\famicon\famicon\x64\debug\player.obj
c:\users\ga2a\desktop\fami\famicon\famicon\x64\debug\main.obj
c:\users\ga2a\desktop\fami\famicon\famicon\x64\debug\library_function.obj
c:\users\ga2a\desktop\fami\famicon\famicon\x64\debug\game.obj
c:\users\ga2a\desktop\fami\famicon\famicon\x64\debug\2d_function.obj
c:\users\ga2a\desktop\fami\famicon\famicon\x64\debug\ccamera.obj
c:\users\ga2a\desktop\fami\famicon\famicon\x64\debug\3d_function.obj
c:\users\ga2a\desktop\fami\famicon\famicon\x64\debug\map.obj
c:\users\ga2a\desktop\fami\famicon\famicon\x64\debug\ground.obj
c:\users\ga2a\desktop\fami\famicon\famicon\x64\debug\scaf.obj
c:\users\ga2a\desktop\fami\famicon\famicon\x64\debug\turtle.obj
c:\users\ga2a\desktop\fami\famicon\x64\debug\famicon.exe
c:\users\ga2a\desktop\fami\famicon\x64\debug\famicon.pdb
c:\users\ga2a\desktop\fami\famicon\famicon\x64\debug\famicon.ilk
c:\users\ga2a\desktop\fami\famicon\famicon\x64\debug\famicon.tlog\cl.command.1.tlog
c:\users\ga2a\desktop\fami\famicon\famicon\x64\debug\famicon.tlog\cl.items.tlog
c:\users\ga2a\desktop\fami\famicon\famicon\x64\debug\famicon.tlog\cl.read.1.tlog
c:\users\ga2a\desktop\fami\famicon\famicon\x64\debug\famicon.tlog\cl.write.1.tlog
c:\users\ga2a\desktop\fami\famicon\famicon\x64\debug\famicon.tlog\link.18364-cvtres.read.1.tlog
c:\users\ga2a\desktop\fami\famicon\famicon\x64\debug\famicon.tlog\link.18364-cvtres.write.1.tlog
c:\users\ga2a\desktop\fami\famicon\famicon\x64\debug\famicon.tlog\link.18364-rc.read.1.tlog
c:\users\ga2a\desktop\fami\famicon\famicon\x64\debug\famicon.tlog\link.18364-rc.write.1.tlog
c:\users\ga2a\desktop\fami\famicon\famicon\x64\debug\famicon.tlog\link.18364.read.1.tlog
c:\users\ga2a\desktop\fami\famicon\famicon\x64\debug\famicon.tlog\link.18364.read.2.tlog
c:\users\ga2a\desktop\fami\famicon\famicon\x64\debug\famicon.tlog\link.18364.read.3.tlog
c:\users\ga2a\desktop\fami\famicon\famicon\x64\debug\famicon.tlog\link.18364.read.4.tlog
c:\users\ga2a\desktop\fami\famicon\famicon\x64\debug\famicon.tlog\link.18364.write.1.tlog
c:\users\ga2a\desktop\fami\famicon\famicon\x64\debug\famicon.tlog\link.command.1.tlog
c:\users\ga2a\desktop\fami\famicon\famicon\x64\debug\famicon.tlog\link.read.1.tlog
c:\users\ga2a\desktop\fami\famicon\famicon\x64\debug\famicon.tlog\link.secondary.1.tlog
c:\users\ga2a\desktop\fami\famicon\famicon\x64\debug\famicon.tlog\link.write.1.tlog
